<?xml version="1.0" encoding="UTF-8"?>
<testsuites name="TS_28_LaunchBrowser" time="17.879" tests="1" failures="0" errors="0">
   <testsuite name="TS_28_LaunchBrowser" tests="1" failures="0" errors="0" time="17.879" skipped="0" timestamp="06-03-2024T17:15:20" hostname="WL352SH - IN3141980W1.ey.net" id="Test Suites/TS_28_LaunchBrowser">
      <properties>
         <property name="deviceName" value=""/>
         <property name="devicePlatform" value=""/>
         <property name="logFolder" value="C:\\Users\\WL352SH\\git\\KatalonStudio\\KatalonStudioPractice\\Reports\\20240306_171501\\TS_28_LaunchBrowser\\20240306_171501"/>
         <property name="logFiles" value="C:\\Users\\WL352SH\\git\\KatalonStudio\\KatalonStudioPractice\\Reports\\20240306_171501\\TS_28_LaunchBrowser\\20240306_171501\\execution0.log"/>
         <property name="attachments" value=""/>
         <property name="hostName" value="WL352SH - IN3141980W1.ey.net"/>
         <property name="os" value="Windows 10 64bit"/>
         <property name="katalonVersion" value="9.3.1.212"/>
         <property name="browser" value="Edge Chromium 122"/>
         <property name="hostAddress" value="192.168.1.34"/>
         <property name="sessionId" value="f66a128db3ab4a098d34867c65092136"/>
         <property name="seleniumVersion" value="3.141.59"/>
         <property name="proxyInformation" value="ProxyInformation { proxyOption=NO_PROXY, proxyServerType=HTTP, username=, password=********, proxyServerAddress=, proxyServerPort=0, executionList=&quot;&quot;, isApplyToDesiredCapabilities=true }"/>
         <property name="platform" value="Windows 10"/>
      </properties>
      <testcase name="Test Cases/TC_28_LaunchBrowser" time="17.622" classname="Test Cases/TC_28_LaunchBrowser" status="PASSED">
         <system-out><![CDATA[06-03-2024T17:15:20 - [TEST_CASE][PASSED] - Test Cases/TC_28_LaunchBrowser: Test Cases/TC_28_LaunchBrowser

06-03-2024T17:15:20 - [TEST_STEP][PASSED] - openBrowser(""): Browser is opened with url: ''

06-03-2024T17:15:21 - [MESSAGE][INFO] - Starting 'Edge Chromium' driver

06-03-2024T17:15:22 - [MESSAGE][INFO] - Action delay is set to 0 milliseconds

06-03-2024T17:15:24 - [MESSAGE][PASSED] - Browser is opened with url: ''

06-03-2024T17:15:24 - [TEST_STEP][PASSED] - navigateToUrl("https://petstore.octoperf.com/"): Navigate to 'https://petstore.octoperf.com/' successfully

06-03-2024T17:15:37 - [MESSAGE][PASSED] - Navigate to 'https://petstore.octoperf.com/' successfully

06-03-2024T17:15:37 - [TEST_STEP][PASSED] - closeBrowser(): Browser is closed

06-03-2024T17:15:38 - [MESSAGE][PASSED] - Browser is closed]]></system-out>
         <system-err><![CDATA[]]></system-err>
      </testcase>
      <system-out><![CDATA[06-03-2024T17:15:20 - [TEST_SUITE][PASSED] - TS_28_LaunchBrowser: Test Cases/TC_28_LaunchBrowser]]></system-out>
      <system-err><![CDATA[]]></system-err>
   </testsuite>
</testsuites>
