<?xml version="1.0" encoding="UTF-8"?>
<testsuites name="TS_SearchWithDesc" time="17.524" tests="1" failures="0" errors="0">
   <testsuite name="TS_SearchWithDesc" tests="1" failures="0" errors="0" time="17.524" skipped="0" timestamp="05-03-2024T20:21:54" hostname="WL352SH - IN3141980W1.ey.net" id="Test Suites/TS_SearchWithDesc">
      <properties>
         <property name="deviceName" value=""/>
         <property name="devicePlatform" value=""/>
         <property name="logFolder" value="C:\\Users\\WL352SH\\git\\KatalonStudio\\KatalonStudioPractice\\Reports\\20240305_202146\\TS_SearchWithDesc\\20240305_202146"/>
         <property name="logFiles" value="C:\\Users\\WL352SH\\git\\KatalonStudio\\KatalonStudioPractice\\Reports\\20240305_202146\\TS_SearchWithDesc\\20240305_202146\\execution0.log"/>
         <property name="attachments" value=""/>
         <property name="hostName" value="WL352SH - IN3141980W1.ey.net"/>
         <property name="os" value="Windows 10 64bit"/>
         <property name="katalonVersion" value="9.3.1.212"/>
         <property name="browser" value="Edge Chromium 122"/>
         <property name="hostAddress" value="192.168.1.34"/>
         <property name="sessionId" value="2b80db2f1499711a751e9e7eb2e77298"/>
         <property name="seleniumVersion" value="3.141.59"/>
         <property name="proxyInformation" value="ProxyInformation { proxyOption=NO_PROXY, proxyServerType=HTTP, username=, password=********, proxyServerAddress=, proxyServerPort=0, executionList=&quot;&quot;, isApplyToDesiredCapabilities=true }"/>
         <property name="platform" value="Windows 10"/>
      </properties>
      <testcase name="Test Cases/TC_27_SearchWithDescription" time="17.176" classname="Test Cases/TC_27_SearchWithDescription" status="PASSED">
         <system-out><![CDATA[05-03-2024T20:21:54 - [TEST_CASE][PASSED] - Test Cases/TC_27_SearchWithDescription: Test Cases/TC_27_SearchWithDescription

05-03-2024T20:21:55 - [TEST_STEP][PASSED] - openBrowser(""): Browser is opened with url: ''

05-03-2024T20:21:56 - [MESSAGE][INFO] - Starting 'Edge Chromium' driver

05-03-2024T20:21:59 - [MESSAGE][INFO] - Action delay is set to 0 milliseconds

05-03-2024T20:22:02 - [MESSAGE][PASSED] - Browser is opened with url: ''

05-03-2024T20:22:02 - [TEST_STEP][PASSED] - navigateToUrl("https://petstore.octoperf.com/"): Navigate to 'https://petstore.octoperf.com/' successfully

05-03-2024T20:22:04 - [MESSAGE][PASSED] - Navigate to 'https://petstore.octoperf.com/' successfully

05-03-2024T20:22:04 - [TEST_STEP][PASSED] - click(findTestObject("Object Repository/SearchWithDescObjRep/a_Enter the Store")): Object: 'Object Repository/SearchWithDescObjRep/a_Enter the Store' is clicked on

05-03-2024T20:22:06 - [MESSAGE][PASSED] - Object: 'Object Repository/SearchWithDescObjRep/a_Enter the Store' is clicked on

05-03-2024T20:22:06 - [TEST_STEP][PASSED] - setText(findTestObject("Object Repository/SearchWithDescObjRep/input__keyword"), "Adult Male Persian"): Text 'Adult Male Persian' is set on object 'Object Repository/SearchWithDescObjRep/input__keyword'

05-03-2024T20:22:08 - [MESSAGE][PASSED] - Text 'Adult Male Persian' is set on object 'Object Repository/SearchWithDescObjRep/input__keyword'

05-03-2024T20:22:08 - [TEST_STEP][PASSED] - click(findTestObject("Object Repository/SearchWithDescObjRep/input__keyword")): Object: 'Object Repository/SearchWithDescObjRep/input__keyword' is clicked on

05-03-2024T20:22:08 - [MESSAGE][PASSED] - Object: 'Object Repository/SearchWithDescObjRep/input__keyword' is clicked on

05-03-2024T20:22:08 - [TEST_STEP][PASSED] - click(findTestObject("Object Repository/SearchWithDescObjRep/input__searchProducts")): Object: 'Object Repository/SearchWithDescObjRep/input__searchProducts' is clicked on

05-03-2024T20:22:09 - [MESSAGE][PASSED] - Object: 'Object Repository/SearchWithDescObjRep/input__searchProducts' is clicked on

05-03-2024T20:22:09 - [TEST_STEP][PASSED] - click(findTestObject("Object Repository/SearchWithDescObjRep/a_Friendly house cat, doubles as a princess")): Object: 'Object Repository/SearchWithDescObjRep/a_Friendly house cat, doubles as a princess' is clicked on

05-03-2024T20:22:11 - [MESSAGE][PASSED] - Object: 'Object Repository/SearchWithDescObjRep/a_Friendly house cat, doubles as a princess' is clicked on

05-03-2024T20:22:11 - [TEST_STEP][PASSED] - verifyElementText(findTestObject("Object Repository/SearchWithDescObjRep/td_Adult Male    Persian"), "Adult Male Persian"): Actual text and expected text of test object 'Object Repository/SearchWithDescObjRep/td_Adult Male    Persian' are matched.

05-03-2024T20:22:11 - [MESSAGE][PASSED] - Actual text and expected text of test object 'Object Repository/SearchWithDescObjRep/td_Adult Male    Persian' are matched.

05-03-2024T20:22:11 - [TEST_STEP][PASSED] - closeBrowser(): Browser is closed

05-03-2024T20:22:12 - [MESSAGE][PASSED] - Browser is closed]]></system-out>
         <system-err><![CDATA[]]></system-err>
      </testcase>
      <system-out><![CDATA[05-03-2024T20:21:54 - [TEST_SUITE][PASSED] - TS_SearchWithDesc: Test Cases/TC_27_SearchWithDescription]]></system-out>
      <system-err><![CDATA[]]></system-err>
   </testsuite>
</testsuites>
