<?xml version="1.0" encoding="UTF-8"?>
<testsuites name="TS_25_EmptySearch" time="10.732" tests="1" failures="0" errors="0">
   <testsuite name="TS_25_EmptySearch" tests="1" failures="0" errors="0" time="10.732" skipped="0" timestamp="05-03-2024T20:02:31" hostname="WL352SH - IN3141980W1.ey.net" id="Test Suites/TS_25_EmptySearch">
      <properties>
         <property name="deviceName" value=""/>
         <property name="devicePlatform" value=""/>
         <property name="logFolder" value="C:\\Users\\WL352SH\\git\\KatalonStudio\\KatalonStudioPractice\\Reports\\20240305_200213\\TS_25_EmptySearch\\20240305_200213"/>
         <property name="logFiles" value="C:\\Users\\WL352SH\\git\\KatalonStudio\\KatalonStudioPractice\\Reports\\20240305_200213\\TS_25_EmptySearch\\20240305_200213\\execution0.log"/>
         <property name="attachments" value=""/>
         <property name="hostName" value="WL352SH - IN3141980W1.ey.net"/>
         <property name="os" value="Windows 10 64bit"/>
         <property name="katalonVersion" value="9.3.1.212"/>
         <property name="browser" value="Edge Chromium 122"/>
         <property name="hostAddress" value="192.168.1.34"/>
         <property name="sessionId" value="2e5b42bd6c4ba1495b370d4131bfab26"/>
         <property name="seleniumVersion" value="3.141.59"/>
         <property name="proxyInformation" value="ProxyInformation { proxyOption=NO_PROXY, proxyServerType=HTTP, username=, password=********, proxyServerAddress=, proxyServerPort=0, executionList=&quot;&quot;, isApplyToDesiredCapabilities=true }"/>
         <property name="platform" value="Windows 10"/>
      </properties>
      <testcase name="Test Cases/TC_25_EmptySearch" time="10.506" classname="Test Cases/TC_25_EmptySearch" status="PASSED">
         <system-out><![CDATA[05-03-2024T20:02:31 - [TEST_CASE][PASSED] - Test Cases/TC_25_EmptySearch: Test Cases/TC_25_EmptySearch

05-03-2024T20:02:31 - [TEST_STEP][PASSED] - openBrowser(""): Browser is opened with url: ''

05-03-2024T20:02:32 - [MESSAGE][INFO] - Starting 'Edge Chromium' driver

05-03-2024T20:02:33 - [MESSAGE][INFO] - Action delay is set to 0 milliseconds

05-03-2024T20:02:35 - [MESSAGE][PASSED] - Browser is opened with url: ''

05-03-2024T20:02:35 - [TEST_STEP][PASSED] - navigateToUrl("https://petstore.octoperf.com/"): Navigate to 'https://petstore.octoperf.com/' successfully

05-03-2024T20:02:37 - [MESSAGE][PASSED] - Navigate to 'https://petstore.octoperf.com/' successfully

05-03-2024T20:02:37 - [TEST_STEP][PASSED] - click(findTestObject("Object Repository/EmptySearchObjRep/p_Enter the Store")): Object: 'Object Repository/EmptySearchObjRep/p_Enter the Store' is clicked on

05-03-2024T20:02:38 - [MESSAGE][PASSED] - Object: 'Object Repository/EmptySearchObjRep/p_Enter the Store' is clicked on

05-03-2024T20:02:38 - [TEST_STEP][PASSED] - click(findTestObject("Object Repository/EmptySearchObjRep/a_Enter the Store")): Object: 'Object Repository/EmptySearchObjRep/a_Enter the Store' is clicked on

05-03-2024T20:02:40 - [MESSAGE][PASSED] - Object: 'Object Repository/EmptySearchObjRep/a_Enter the Store' is clicked on

05-03-2024T20:02:40 - [TEST_STEP][PASSED] - click(findTestObject("Object Repository/EmptySearchObjRep/input__searchProducts")): Object: 'Object Repository/EmptySearchObjRep/input__searchProducts' is clicked on

05-03-2024T20:02:40 - [MESSAGE][PASSED] - Object: 'Object Repository/EmptySearchObjRep/input__searchProducts' is clicked on

05-03-2024T20:02:40 - [TEST_STEP][PASSED] - verifyElementText(findTestObject("Object Repository/EmptySearchObjRep/li_Please enter a keyword to search for, th_53394b"), "Please enter a keyword to search for, then press the search button."): Actual text and expected text of test object 'Object Repository/EmptySearchObjRep/li_Please enter a keyword to search for, th_53394b' are matched.

05-03-2024T20:02:41 - [MESSAGE][PASSED] - Actual text and expected text of test object 'Object Repository/EmptySearchObjRep/li_Please enter a keyword to search for, th_53394b' are matched.

05-03-2024T20:02:41 - [TEST_STEP][PASSED] - closeBrowser(): Browser is closed

05-03-2024T20:02:41 - [MESSAGE][PASSED] - Browser is closed]]></system-out>
         <system-err><![CDATA[]]></system-err>
      </testcase>
      <system-out><![CDATA[05-03-2024T20:02:31 - [TEST_SUITE][PASSED] - TS_25_EmptySearch: Test Cases/TC_25_EmptySearch]]></system-out>
      <system-err><![CDATA[]]></system-err>
   </testsuite>
</testsuites>
