<?xml version="1.0" encoding="UTF-8"?>
<testsuites name="TS_16_DeleteCart" time="14.765" tests="1" failures="0" errors="0">
   <testsuite name="TS_16_DeleteCart" tests="1" failures="0" errors="0" time="14.765" skipped="0" timestamp="03-03-2024T15:18:33" hostname="WL352SH - IN3141980W1.ey.net" id="Test Suites/TS_16_DeleteCart">
      <properties>
         <property name="deviceName" value=""/>
         <property name="devicePlatform" value=""/>
         <property name="logFolder" value="C:\\Users\\WL352SH\\git\\KatalonStudio\\KatalonStudioPractice\\Reports\\20240303_151827\\TS_16_DeleteCart\\20240303_151827"/>
         <property name="logFiles" value="C:\\Users\\WL352SH\\git\\KatalonStudio\\KatalonStudioPractice\\Reports\\20240303_151827\\TS_16_DeleteCart\\20240303_151827\\execution0.log"/>
         <property name="attachments" value=""/>
         <property name="hostName" value="WL352SH - IN3141980W1.ey.net"/>
         <property name="os" value="Windows 10 64bit"/>
         <property name="katalonVersion" value="9.3.1.212"/>
         <property name="browser" value="Edge Chromium 122"/>
         <property name="hostAddress" value="192.168.1.34"/>
         <property name="sessionId" value="1507204c8e2e8f39834eceaf506377e3"/>
         <property name="seleniumVersion" value="3.141.59"/>
         <property name="proxyInformation" value="ProxyInformation { proxyOption=NO_PROXY, proxyServerType=HTTP, username=, password=********, proxyServerAddress=, proxyServerPort=0, executionList=&quot;&quot;, isApplyToDesiredCapabilities=true }"/>
         <property name="platform" value="Windows 10"/>
      </properties>
      <testcase name="Test Cases/TC_16_DeleteCart" time="14.512" classname="Test Cases/TC_16_DeleteCart" status="PASSED">
         <system-out><![CDATA[03-03-2024T15:18:34 - [TEST_CASE][PASSED] - Test Cases/TC_16_DeleteCart: Test Cases/TC_16_DeleteCart

03-03-2024T15:18:34 - [TEST_STEP][PASSED] - openBrowser(""): Browser is opened with url: ''

03-03-2024T15:18:34 - [MESSAGE][INFO] - Starting 'Edge Chromium' driver

03-03-2024T15:18:38 - [MESSAGE][INFO] - Action delay is set to 0 milliseconds

03-03-2024T15:18:40 - [MESSAGE][PASSED] - Browser is opened with url: ''

03-03-2024T15:18:40 - [TEST_STEP][PASSED] - navigateToUrl("https://petstore.octoperf.com/"): Navigate to 'https://petstore.octoperf.com/' successfully

03-03-2024T15:18:42 - [MESSAGE][PASSED] - Navigate to 'https://petstore.octoperf.com/' successfully

03-03-2024T15:18:42 - [TEST_STEP][PASSED] - click(findTestObject("Object Repository/DeleteCartObjRep/a_Enter the Store")): Object: 'Object Repository/DeleteCartObjRep/a_Enter the Store' is clicked on

03-03-2024T15:18:44 - [MESSAGE][PASSED] - Object: 'Object Repository/DeleteCartObjRep/a_Enter the Store' is clicked on

03-03-2024T15:18:44 - [TEST_STEP][PASSED] - click(findTestObject("Object Repository/DeleteCartObjRep/img")): Object: 'Object Repository/DeleteCartObjRep/img' is clicked on

03-03-2024T15:18:45 - [MESSAGE][PASSED] - Object: 'Object Repository/DeleteCartObjRep/img' is clicked on

03-03-2024T15:18:45 - [TEST_STEP][PASSED] - click(findTestObject("Object Repository/DeleteCartObjRep/a_K9-BD-01")): Object: 'Object Repository/DeleteCartObjRep/a_K9-BD-01' is clicked on

03-03-2024T15:18:46 - [MESSAGE][PASSED] - Object: 'Object Repository/DeleteCartObjRep/a_K9-BD-01' is clicked on

03-03-2024T15:18:46 - [TEST_STEP][PASSED] - click(findTestObject("Object Repository/DeleteCartObjRep/a_Add to Cart")): Object: 'Object Repository/DeleteCartObjRep/a_Add to Cart' is clicked on

03-03-2024T15:18:46 - [MESSAGE][PASSED] - Object: 'Object Repository/DeleteCartObjRep/a_Add to Cart' is clicked on

03-03-2024T15:18:46 - [TEST_STEP][PASSED] - click(findTestObject("Object Repository/DeleteCartObjRep/a_Remove")): Object: 'Object Repository/DeleteCartObjRep/a_Remove' is clicked on

03-03-2024T15:18:47 - [MESSAGE][PASSED] - Object: 'Object Repository/DeleteCartObjRep/a_Remove' is clicked on

03-03-2024T15:18:47 - [TEST_STEP][PASSED] - verifyElementText(findTestObject("Object Repository/DeleteCartObjRep/b_Your cart is empty"), "Your cart is empty."): Actual text and expected text of test object 'Object Repository/DeleteCartObjRep/b_Your cart is empty' are matched.

03-03-2024T15:18:48 - [MESSAGE][PASSED] - Actual text and expected text of test object 'Object Repository/DeleteCartObjRep/b_Your cart is empty' are matched.

03-03-2024T15:18:48 - [TEST_STEP][PASSED] - closeBrowser(): Browser is closed

03-03-2024T15:18:48 - [MESSAGE][PASSED] - Browser is closed]]></system-out>
         <system-err><![CDATA[]]></system-err>
      </testcase>
      <system-out><![CDATA[03-03-2024T15:18:33 - [TEST_SUITE][PASSED] - TS_16_DeleteCart: Test Cases/TC_16_DeleteCart]]></system-out>
      <system-err><![CDATA[]]></system-err>
   </testsuite>
</testsuites>
