<?xml version="1.0" encoding="UTF-8"?>
<testsuites name="TS_23_InvalidPwd" time="17.39" tests="1" failures="0" errors="0">
   <testsuite name="TS_23_InvalidPwd" tests="1" failures="0" errors="0" time="17.39" skipped="0" timestamp="03-03-2024T16:34:28" hostname="WL352SH - IN3141980W1.ey.net" id="Test Suites/TS_23_InvalidPwd">
      <properties>
         <property name="deviceName" value=""/>
         <property name="devicePlatform" value=""/>
         <property name="logFolder" value="C:\\Users\\WL352SH\\git\\KatalonStudio\\KatalonStudioPractice\\Reports\\20240303_163421\\TS_23_InvalidPwd\\20240303_163421"/>
         <property name="logFiles" value="C:\\Users\\WL352SH\\git\\KatalonStudio\\KatalonStudioPractice\\Reports\\20240303_163421\\TS_23_InvalidPwd\\20240303_163421\\execution0.log"/>
         <property name="attachments" value=""/>
         <property name="hostName" value="WL352SH - IN3141980W1.ey.net"/>
         <property name="os" value="Windows 10 64bit"/>
         <property name="katalonVersion" value="9.3.1.212"/>
         <property name="browser" value="Edge Chromium 122"/>
         <property name="hostAddress" value="192.168.1.34"/>
         <property name="sessionId" value="44a79620958616fd23a3bc9878e9597c"/>
         <property name="seleniumVersion" value="3.141.59"/>
         <property name="proxyInformation" value="ProxyInformation { proxyOption=NO_PROXY, proxyServerType=HTTP, username=, password=********, proxyServerAddress=, proxyServerPort=0, executionList=&quot;&quot;, isApplyToDesiredCapabilities=true }"/>
         <property name="platform" value="Windows 10"/>
      </properties>
      <testcase name="Test Cases/TC_23_InvalidPassword" time="17.131" classname="Test Cases/TC_23_InvalidPassword" status="PASSED">
         <system-out><![CDATA[03-03-2024T16:34:28 - [TEST_CASE][PASSED] - Test Cases/TC_23_InvalidPassword: Test Cases/TC_23_InvalidPassword

03-03-2024T16:34:29 - [TEST_STEP][PASSED] - openBrowser(""): Browser is opened with url: ''

03-03-2024T16:34:29 - [MESSAGE][INFO] - Starting 'Edge Chromium' driver

03-03-2024T16:34:33 - [MESSAGE][INFO] - Action delay is set to 0 milliseconds

03-03-2024T16:34:36 - [MESSAGE][PASSED] - Browser is opened with url: ''

03-03-2024T16:34:36 - [TEST_STEP][PASSED] - navigateToUrl("https://petstore.octoperf.com/"): Navigate to 'https://petstore.octoperf.com/' successfully

03-03-2024T16:34:38 - [MESSAGE][PASSED] - Navigate to 'https://petstore.octoperf.com/' successfully

03-03-2024T16:34:38 - [TEST_STEP][PASSED] - click(findTestObject("Object Repository/InvalidPwdObjRep/a_Enter the Store")): Object: 'Object Repository/InvalidPwdObjRep/a_Enter the Store' is clicked on

03-03-2024T16:34:40 - [MESSAGE][PASSED] - Object: 'Object Repository/InvalidPwdObjRep/a_Enter the Store' is clicked on

03-03-2024T16:34:40 - [TEST_STEP][PASSED] - click(findTestObject("Object Repository/InvalidPwdObjRep/a_Sign In")): Object: 'Object Repository/InvalidPwdObjRep/a_Sign In' is clicked on

03-03-2024T16:34:41 - [MESSAGE][PASSED] - Object: 'Object Repository/InvalidPwdObjRep/a_Sign In' is clicked on

03-03-2024T16:34:41 - [TEST_STEP][PASSED] - setText(findTestObject("Object Repository/InvalidPwdObjRep/input_Need a user name and password_username"), "ajay123"): Text 'ajay123' is set on object 'Object Repository/InvalidPwdObjRep/input_Need a user name and password_username'

03-03-2024T16:34:42 - [MESSAGE][PASSED] - Text 'ajay123' is set on object 'Object Repository/InvalidPwdObjRep/input_Need a user name and password_username'

03-03-2024T16:34:42 - [TEST_STEP][PASSED] - setEncryptedText(findTestObject("Object Repository/InvalidPwdObjRep/input_Need a user name and password_password"), "9ZxkeRH7STQ="): Text ****** has been set on object 'Object Repository/InvalidPwdObjRep/input_Need a user name and password_password'

03-03-2024T16:34:43 - [MESSAGE][PASSED] - Text ****** has been set on object 'Object Repository/InvalidPwdObjRep/input_Need a user name and password_password'

03-03-2024T16:34:43 - [TEST_STEP][PASSED] - click(findTestObject("Object Repository/InvalidPwdObjRep/input_Need a user name and password_signon")): Object: 'Object Repository/InvalidPwdObjRep/input_Need a user name and password_signon' is clicked on

03-03-2024T16:34:44 - [MESSAGE][PASSED] - Object: 'Object Repository/InvalidPwdObjRep/input_Need a user name and password_signon' is clicked on

03-03-2024T16:34:44 - [TEST_STEP][PASSED] - verifyElementText(findTestObject("Object Repository/InvalidPwdObjRep/li_Invalid username or password.  Signon failed"), "Invalid username or password. Signon failed."): Actual text and expected text of test object 'Object Repository/InvalidPwdObjRep/li_Invalid username or password.  Signon failed' are matched.

03-03-2024T16:34:44 - [MESSAGE][PASSED] - Actual text and expected text of test object 'Object Repository/InvalidPwdObjRep/li_Invalid username or password.  Signon failed' are matched.

03-03-2024T16:34:44 - [TEST_STEP][PASSED] - closeBrowser(): Browser is closed

03-03-2024T16:34:45 - [MESSAGE][PASSED] - Browser is closed]]></system-out>
         <system-err><![CDATA[]]></system-err>
      </testcase>
      <system-out><![CDATA[03-03-2024T16:34:28 - [TEST_SUITE][PASSED] - TS_23_InvalidPwd: Test Cases/TC_23_InvalidPassword]]></system-out>
      <system-err><![CDATA[]]></system-err>
   </testsuite>
</testsuites>
