<?xml version="1.0" encoding="UTF-8"?>
<testsuites name="TS_17_SearchDog" time="15.187" tests="1" failures="0" errors="0">
   <testsuite name="TS_17_SearchDog" tests="1" failures="0" errors="0" time="15.187" skipped="0" timestamp="03-03-2024T15:19:09" hostname="WL352SH - IN3141980W1.ey.net" id="Test Suites/TS_17_SearchDog">
      <properties>
         <property name="deviceName" value=""/>
         <property name="devicePlatform" value=""/>
         <property name="logFolder" value="C:\\Users\\WL352SH\\git\\KatalonStudio\\KatalonStudioPractice\\Reports\\20240303_151902\\TS_17_SearchDog\\20240303_151902"/>
         <property name="logFiles" value="C:\\Users\\WL352SH\\git\\KatalonStudio\\KatalonStudioPractice\\Reports\\20240303_151902\\TS_17_SearchDog\\20240303_151902\\execution0.log"/>
         <property name="attachments" value=""/>
         <property name="hostName" value="WL352SH - IN3141980W1.ey.net"/>
         <property name="os" value="Windows 10 64bit"/>
         <property name="katalonVersion" value="9.3.1.212"/>
         <property name="browser" value="Edge Chromium 122"/>
         <property name="hostAddress" value="192.168.1.34"/>
         <property name="sessionId" value="734e74fd2692cfda1527d42c79ac1135"/>
         <property name="seleniumVersion" value="3.141.59"/>
         <property name="proxyInformation" value="ProxyInformation { proxyOption=NO_PROXY, proxyServerType=HTTP, username=, password=********, proxyServerAddress=, proxyServerPort=0, executionList=&quot;&quot;, isApplyToDesiredCapabilities=true }"/>
         <property name="platform" value="Windows 10"/>
      </properties>
      <testcase name="Test Cases/TC_17_SearchDog" time="14.862" classname="Test Cases/TC_17_SearchDog" status="PASSED">
         <system-out><![CDATA[03-03-2024T15:19:09 - [TEST_CASE][PASSED] - Test Cases/TC_17_SearchDog: Test Cases/TC_17_SearchDog

03-03-2024T15:19:10 - [TEST_STEP][PASSED] - openBrowser(""): Browser is opened with url: ''

03-03-2024T15:19:11 - [MESSAGE][INFO] - Starting 'Edge Chromium' driver

03-03-2024T15:19:15 - [MESSAGE][INFO] - Action delay is set to 0 milliseconds

03-03-2024T15:19:17 - [MESSAGE][PASSED] - Browser is opened with url: ''

03-03-2024T15:19:17 - [TEST_STEP][PASSED] - navigateToUrl("https://petstore.octoperf.com/"): Navigate to 'https://petstore.octoperf.com/' successfully

03-03-2024T15:19:19 - [MESSAGE][PASSED] - Navigate to 'https://petstore.octoperf.com/' successfully

03-03-2024T15:19:19 - [TEST_STEP][PASSED] - click(findTestObject("Object Repository/SearchDogObjRep/a_Enter the Store (1)")): Object: 'Object Repository/SearchDogObjRep/a_Enter the Store (1)' is clicked on

03-03-2024T15:19:21 - [MESSAGE][PASSED] - Object: 'Object Repository/SearchDogObjRep/a_Enter the Store (1)' is clicked on

03-03-2024T15:19:21 - [TEST_STEP][PASSED] - setText(findTestObject("Object Repository/SearchDogObjRep/input__keyword"), "Dog"): Text 'Dog' is set on object 'Object Repository/SearchDogObjRep/input__keyword'

03-03-2024T15:19:22 - [MESSAGE][PASSED] - Text 'Dog' is set on object 'Object Repository/SearchDogObjRep/input__keyword'

03-03-2024T15:19:22 - [TEST_STEP][PASSED] - click(findTestObject("Object Repository/SearchDogObjRep/input__searchProducts")): Object: 'Object Repository/SearchDogObjRep/input__searchProducts' is clicked on

03-03-2024T15:19:23 - [MESSAGE][PASSED] - Object: 'Object Repository/SearchDogObjRep/input__searchProducts' is clicked on

03-03-2024T15:19:23 - [TEST_STEP][PASSED] - verifyElementText(findTestObject("Object Repository/SearchDogObjRep/a_Friendly dog from England"), "Friendly dog from England"): Actual text and expected text of test object 'Object Repository/SearchDogObjRep/a_Friendly dog from England' are matched.

03-03-2024T15:19:24 - [MESSAGE][PASSED] - Actual text and expected text of test object 'Object Repository/SearchDogObjRep/a_Friendly dog from England' are matched.

03-03-2024T15:19:24 - [TEST_STEP][PASSED] - closeBrowser(): Browser is closed

03-03-2024T15:19:24 - [MESSAGE][PASSED] - Browser is closed]]></system-out>
         <system-err><![CDATA[]]></system-err>
      </testcase>
      <system-out><![CDATA[03-03-2024T15:19:09 - [TEST_SUITE][PASSED] - TS_17_SearchDog: Test Cases/TC_17_SearchDog]]></system-out>
      <system-err><![CDATA[]]></system-err>
   </testsuite>
</testsuites>
