<?xml version="1.0" encoding="UTF-8"?>
<testsuites name="TS_21_PurchaseReptiles" time="35.965" tests="1" failures="0" errors="0">
   <testsuite name="TS_21_PurchaseReptiles" tests="1" failures="0" errors="0" time="35.965" skipped="0" timestamp="03-03-2024T15:52:52" hostname="WL352SH - IN3141980W1.ey.net" id="Test Suites/TS_21_PurchaseReptiles">
      <properties>
         <property name="deviceName" value=""/>
         <property name="devicePlatform" value=""/>
         <property name="logFolder" value="C:\\Users\\WL352SH\\git\\KatalonStudio\\KatalonStudioPractice\\Reports\\20240303_155243\\TS_21_PurchaseReptiles\\20240303_155244"/>
         <property name="logFiles" value="C:\\Users\\WL352SH\\git\\KatalonStudio\\KatalonStudioPractice\\Reports\\20240303_155243\\TS_21_PurchaseReptiles\\20240303_155244\\execution0.log"/>
         <property name="attachments" value=""/>
         <property name="hostName" value="WL352SH - IN3141980W1.ey.net"/>
         <property name="os" value="Windows 10 64bit"/>
         <property name="katalonVersion" value="9.3.1.212"/>
         <property name="browser" value="Edge Chromium 122"/>
         <property name="hostAddress" value="192.168.1.34"/>
         <property name="sessionId" value="707ce340bd50f7ab26a1cd931e1eae68"/>
         <property name="seleniumVersion" value="3.141.59"/>
         <property name="proxyInformation" value="ProxyInformation { proxyOption=NO_PROXY, proxyServerType=HTTP, username=, password=********, proxyServerAddress=, proxyServerPort=0, executionList=&quot;&quot;, isApplyToDesiredCapabilities=true }"/>
         <property name="platform" value="Windows 10"/>
      </properties>
      <testcase name="Test Cases/TC_21_PurchaseReptiles" time="35.651" classname="Test Cases/TC_21_PurchaseReptiles" status="PASSED">
         <system-out><![CDATA[03-03-2024T15:52:52 - [TEST_CASE][PASSED] - Test Cases/TC_21_PurchaseReptiles: Test Cases/TC_21_PurchaseReptiles

03-03-2024T15:52:53 - [TEST_STEP][PASSED] - callTestCase(findTestCase("TC_19_UserSignIn"), [:], STOP_ON_FAILURE): Call Test Case 'Test Cases/TC_19_UserSignIn' successfully

03-03-2024T15:52:53 - [TEST_CASE][PASSED] - Test Cases/TC_19_UserSignIn: Test Cases/TC_19_UserSignIn

03-03-2024T15:52:53 - [TEST_STEP][PASSED] - openBrowser(""): Browser is opened with url: ''

03-03-2024T15:52:54 - [MESSAGE][INFO] - Starting 'Edge Chromium' driver

03-03-2024T15:52:57 - [MESSAGE][INFO] - Action delay is set to 0 milliseconds

03-03-2024T15:53:01 - [MESSAGE][PASSED] - Browser is opened with url: ''

03-03-2024T15:53:01 - [TEST_STEP][PASSED] - navigateToUrl("https://petstore.octoperf.com/"): Navigate to 'https://petstore.octoperf.com/' successfully

03-03-2024T15:53:02 - [MESSAGE][PASSED] - Navigate to 'https://petstore.octoperf.com/' successfully

03-03-2024T15:53:02 - [TEST_STEP][PASSED] - click(findTestObject("Object Repository/UserSignInObjRep/a_Enter the Store")): Object: 'Object Repository/UserSignInObjRep/a_Enter the Store' is clicked on

03-03-2024T15:53:05 - [MESSAGE][PASSED] - Object: 'Object Repository/UserSignInObjRep/a_Enter the Store' is clicked on

03-03-2024T15:53:05 - [TEST_STEP][PASSED] - click(findTestObject("Object Repository/UserSignInObjRep/a_Sign In")): Object: 'Object Repository/UserSignInObjRep/a_Sign In' is clicked on

03-03-2024T15:53:06 - [MESSAGE][PASSED] - Object: 'Object Repository/UserSignInObjRep/a_Sign In' is clicked on

03-03-2024T15:53:06 - [TEST_STEP][PASSED] - setText(findTestObject("Object Repository/UserSignInObjRep/input_Need a user name and password_username"), "ajay123"): Text 'ajay123' is set on object 'Object Repository/UserSignInObjRep/input_Need a user name and password_username'

03-03-2024T15:53:07 - [MESSAGE][PASSED] - Text 'ajay123' is set on object 'Object Repository/UserSignInObjRep/input_Need a user name and password_username'

03-03-2024T15:53:07 - [TEST_STEP][PASSED] - setEncryptedText(findTestObject("Object Repository/UserSignInObjRep/input_Need a user name and password_password"), "vzl2cAHk97k="): Text ****** has been set on object 'Object Repository/UserSignInObjRep/input_Need a user name and password_password'

03-03-2024T15:53:08 - [MESSAGE][PASSED] - Text ****** has been set on object 'Object Repository/UserSignInObjRep/input_Need a user name and password_password'

03-03-2024T15:53:08 - [TEST_STEP][PASSED] - click(findTestObject("Object Repository/UserSignInObjRep/input_Need a user name and password_signon")): Object: 'Object Repository/UserSignInObjRep/input_Need a user name and password_signon' is clicked on

03-03-2024T15:53:10 - [MESSAGE][PASSED] - Object: 'Object Repository/UserSignInObjRep/input_Need a user name and password_signon' is clicked on

03-03-2024T15:53:10 - [TEST_STEP][PASSED] - verifyElementText(findTestObject("Object Repository/UserSignInObjRep/a_Sign Out"), "Sign Out"): Actual text and expected text of test object 'Object Repository/UserSignInObjRep/a_Sign Out' are matched.

03-03-2024T15:53:11 - [MESSAGE][PASSED] - Actual text and expected text of test object 'Object Repository/UserSignInObjRep/a_Sign Out' are matched.

03-03-2024T15:53:11 - [MESSAGE][PASSED] - Call Test Case 'Test Cases/TC_19_UserSignIn' successfully

03-03-2024T15:53:11 - [TEST_STEP][PASSED] - click(findTestObject("Object Repository/PurchaseReptilesObjRep/img")): Object: 'Object Repository/PurchaseReptilesObjRep/img' is clicked on

03-03-2024T15:53:13 - [MESSAGE][PASSED] - Object: 'Object Repository/PurchaseReptilesObjRep/img' is clicked on

03-03-2024T15:53:13 - [TEST_STEP][PASSED] - navigateToUrl("https://petstore.octoperf.com/actions/Catalog.action?viewCategory=&categoryId=REPTILES"): Navigate to 'https://petstore.octoperf.com/actions/Catalog.action?viewCategory=&categoryId=REPTILES' successfully

03-03-2024T15:53:14 - [MESSAGE][PASSED] - Navigate to 'https://petstore.octoperf.com/actions/Catalog.action?viewCategory=&categoryId=REPTILES' successfully

03-03-2024T15:53:14 - [TEST_STEP][PASSED] - click(findTestObject("Object Repository/PurchaseReptilesObjRep/a_RP-LI-02")): Object: 'Object Repository/PurchaseReptilesObjRep/a_RP-LI-02' is clicked on

03-03-2024T15:53:15 - [MESSAGE][PASSED] - Object: 'Object Repository/PurchaseReptilesObjRep/a_RP-LI-02' is clicked on

03-03-2024T15:53:15 - [TEST_STEP][PASSED] - click(findTestObject("Object Repository/PurchaseReptilesObjRep/a_Add to Cart")): Object: 'Object Repository/PurchaseReptilesObjRep/a_Add to Cart' is clicked on

03-03-2024T15:53:17 - [MESSAGE][PASSED] - Object: 'Object Repository/PurchaseReptilesObjRep/a_Add to Cart' is clicked on

03-03-2024T15:53:17 - [TEST_STEP][PASSED] - click(findTestObject("Object Repository/PurchaseReptilesObjRep/a_Proceed to Checkout")): Object: 'Object Repository/PurchaseReptilesObjRep/a_Proceed to Checkout' is clicked on

03-03-2024T15:53:18 - [MESSAGE][PASSED] - Object: 'Object Repository/PurchaseReptilesObjRep/a_Proceed to Checkout' is clicked on

03-03-2024T15:53:18 - [TEST_STEP][PASSED] - click(findTestObject("Object Repository/PurchaseReptilesObjRep/input_Ship to different address_shippingAdd_0f9b79")): Object: 'Object Repository/PurchaseReptilesObjRep/input_Ship to different address_shippingAdd_0f9b79' is clicked on

03-03-2024T15:53:19 - [MESSAGE][PASSED] - Object: 'Object Repository/PurchaseReptilesObjRep/input_Ship to different address_shippingAdd_0f9b79' is clicked on

03-03-2024T15:53:19 - [TEST_STEP][PASSED] - click(findTestObject("Object Repository/PurchaseReptilesObjRep/input_Ship to different address_newOrder")): Object: 'Object Repository/PurchaseReptilesObjRep/input_Ship to different address_newOrder' is clicked on

03-03-2024T15:53:20 - [MESSAGE][PASSED] - Object: 'Object Repository/PurchaseReptilesObjRep/input_Ship to different address_newOrder' is clicked on

03-03-2024T15:53:20 - [TEST_STEP][PASSED] - click(findTestObject("Object Repository/PurchaseReptilesObjRep/input_Ship to different address_newOrder")): Object: 'Object Repository/PurchaseReptilesObjRep/input_Ship to different address_newOrder' is clicked on

03-03-2024T15:53:21 - [MESSAGE][PASSED] - Object: 'Object Repository/PurchaseReptilesObjRep/input_Ship to different address_newOrder' is clicked on

03-03-2024T15:53:21 - [TEST_STEP][PASSED] - click(findTestObject("Object Repository/PurchaseReptilesObjRep/a_Confirm")): Object: 'Object Repository/PurchaseReptilesObjRep/a_Confirm' is clicked on

03-03-2024T15:53:22 - [MESSAGE][PASSED] - Object: 'Object Repository/PurchaseReptilesObjRep/a_Confirm' is clicked on

03-03-2024T15:53:22 - [TEST_STEP][PASSED] - verifyElementText(findTestObject("Object Repository/PurchaseReptilesObjRep/li_Thank you, your order has been submitted"), "Thank you, your order has been submitted."): Actual text and expected text of test object 'Object Repository/PurchaseReptilesObjRep/li_Thank you, your order has been submitted' are matched.

03-03-2024T15:53:23 - [MESSAGE][PASSED] - Actual text and expected text of test object 'Object Repository/PurchaseReptilesObjRep/li_Thank you, your order has been submitted' are matched.

03-03-2024T15:53:23 - [TEST_STEP][PASSED] - closeBrowser(): Browser is closed

03-03-2024T15:53:28 - [MESSAGE][PASSED] - Browser is closed]]></system-out>
         <system-err><![CDATA[]]></system-err>
      </testcase>
      <system-out><![CDATA[03-03-2024T15:52:52 - [TEST_SUITE][PASSED] - TS_21_PurchaseReptiles: Test Cases/TC_21_PurchaseReptiles]]></system-out>
      <system-err><![CDATA[]]></system-err>
   </testsuite>
</testsuites>
