<?xml version="1.0" encoding="UTF-8"?>
<testsuites name="TS_19_UserSignIn" time="20.365" tests="1" failures="0" errors="0">
   <testsuite name="TS_19_UserSignIn" tests="1" failures="0" errors="0" time="20.365" skipped="0" timestamp="03-03-2024T16:14:48" hostname="WL352SH - IN3141980W1.ey.net" id="Test Suites/TS_19_UserSignIn">
      <properties>
         <property name="deviceName" value=""/>
         <property name="devicePlatform" value=""/>
         <property name="logFolder" value="C:\\Users\\WL352SH\\git\\KatalonStudio\\KatalonStudioPractice\\Reports\\20240303_161441\\TS_19_UserSignIn\\20240303_161441"/>
         <property name="logFiles" value="C:\\Users\\WL352SH\\git\\KatalonStudio\\KatalonStudioPractice\\Reports\\20240303_161441\\TS_19_UserSignIn\\20240303_161441\\execution0.log"/>
         <property name="attachments" value=""/>
         <property name="hostName" value="WL352SH - IN3141980W1.ey.net"/>
         <property name="os" value="Windows 10 64bit"/>
         <property name="katalonVersion" value="9.3.1.212"/>
         <property name="browser" value="Edge Chromium 122"/>
         <property name="hostAddress" value="192.168.1.34"/>
         <property name="sessionId" value="5a6bd693084f6a1841365a9773a08020"/>
         <property name="seleniumVersion" value="3.141.59"/>
         <property name="proxyInformation" value="ProxyInformation { proxyOption=NO_PROXY, proxyServerType=HTTP, username=, password=********, proxyServerAddress=, proxyServerPort=0, executionList=&quot;&quot;, isApplyToDesiredCapabilities=true }"/>
         <property name="platform" value="Windows 10"/>
      </properties>
      <testcase name="Test Cases/TC_19_UserSignIn" time="20.076" classname="Test Cases/TC_19_UserSignIn" status="PASSED">
         <system-out><![CDATA[03-03-2024T16:14:48 - [TEST_CASE][PASSED] - Test Cases/TC_19_UserSignIn: Test Cases/TC_19_UserSignIn

03-03-2024T16:14:49 - [TEST_STEP][PASSED] - openBrowser(""): Browser is opened with url: ''

03-03-2024T16:14:49 - [MESSAGE][INFO] - Starting 'Edge Chromium' driver

03-03-2024T16:14:53 - [MESSAGE][INFO] - Action delay is set to 0 milliseconds

03-03-2024T16:14:56 - [MESSAGE][PASSED] - Browser is opened with url: ''

03-03-2024T16:14:56 - [TEST_STEP][PASSED] - navigateToUrl("https://petstore.octoperf.com/"): Navigate to 'https://petstore.octoperf.com/' successfully

03-03-2024T16:14:59 - [MESSAGE][PASSED] - Navigate to 'https://petstore.octoperf.com/' successfully

03-03-2024T16:14:59 - [TEST_STEP][PASSED] - click(findTestObject("Object Repository/UserSignInObjRep/a_Enter the Store")): Object: 'Object Repository/UserSignInObjRep/a_Enter the Store' is clicked on

03-03-2024T16:15:01 - [MESSAGE][PASSED] - Object: 'Object Repository/UserSignInObjRep/a_Enter the Store' is clicked on

03-03-2024T16:15:01 - [TEST_STEP][PASSED] - click(findTestObject("Object Repository/UserSignInObjRep/a_Sign In")): Object: 'Object Repository/UserSignInObjRep/a_Sign In' is clicked on

03-03-2024T16:15:05 - [MESSAGE][PASSED] - Object: 'Object Repository/UserSignInObjRep/a_Sign In' is clicked on

03-03-2024T16:15:05 - [TEST_STEP][PASSED] - setText(findTestObject("Object Repository/UserSignInObjRep/input_Need a user name and password_username"), "ajay123"): Text 'ajay123' is set on object 'Object Repository/UserSignInObjRep/input_Need a user name and password_username'

03-03-2024T16:15:06 - [MESSAGE][PASSED] - Text 'ajay123' is set on object 'Object Repository/UserSignInObjRep/input_Need a user name and password_username'

03-03-2024T16:15:06 - [TEST_STEP][PASSED] - setEncryptedText(findTestObject("Object Repository/UserSignInObjRep/input_Need a user name and password_password"), "vzl2cAHk97k="): Text ****** has been set on object 'Object Repository/UserSignInObjRep/input_Need a user name and password_password'

03-03-2024T16:15:07 - [MESSAGE][PASSED] - Text ****** has been set on object 'Object Repository/UserSignInObjRep/input_Need a user name and password_password'

03-03-2024T16:15:07 - [TEST_STEP][PASSED] - click(findTestObject("Object Repository/UserSignInObjRep/input_Need a user name and password_signon")): Object: 'Object Repository/UserSignInObjRep/input_Need a user name and password_signon' is clicked on

03-03-2024T16:15:08 - [MESSAGE][PASSED] - Object: 'Object Repository/UserSignInObjRep/input_Need a user name and password_signon' is clicked on

03-03-2024T16:15:08 - [TEST_STEP][PASSED] - verifyElementText(findTestObject("Object Repository/UserSignInObjRep/a_Sign Out"), "Sign Out"): Actual text and expected text of test object 'Object Repository/UserSignInObjRep/a_Sign Out' are matched.

03-03-2024T16:15:08 - [MESSAGE][PASSED] - Actual text and expected text of test object 'Object Repository/UserSignInObjRep/a_Sign Out' are matched.]]></system-out>
         <system-err><![CDATA[]]></system-err>
      </testcase>
      <system-out><![CDATA[03-03-2024T16:14:48 - [TEST_SUITE][PASSED] - TS_19_UserSignIn: Test Cases/TC_19_UserSignIn]]></system-out>
      <system-err><![CDATA[]]></system-err>
   </testsuite>
</testsuites>
