<?xml version="1.0" encoding="UTF-8"?>
<testsuites name="TS_26_EmptyCart" time="10.231" tests="1" failures="0" errors="0">
   <testsuite name="TS_26_EmptyCart" tests="1" failures="0" errors="0" time="10.231" skipped="0" timestamp="05-03-2024T20:06:56" hostname="WL352SH - IN3141980W1.ey.net" id="Test Suites/TS_26_EmptyCart">
      <properties>
         <property name="deviceName" value=""/>
         <property name="devicePlatform" value=""/>
         <property name="logFolder" value="C:\\Users\\WL352SH\\git\\KatalonStudio\\KatalonStudioPractice\\Reports\\20240305_200651\\TS_26_EmptyCart\\20240305_200651"/>
         <property name="logFiles" value="C:\\Users\\WL352SH\\git\\KatalonStudio\\KatalonStudioPractice\\Reports\\20240305_200651\\TS_26_EmptyCart\\20240305_200651\\execution0.log"/>
         <property name="attachments" value=""/>
         <property name="hostName" value="WL352SH - IN3141980W1.ey.net"/>
         <property name="os" value="Windows 10 64bit"/>
         <property name="katalonVersion" value="9.3.1.212"/>
         <property name="browser" value="Edge Chromium 122"/>
         <property name="hostAddress" value="192.168.1.34"/>
         <property name="sessionId" value="8233e64411df31f3b913710284703215"/>
         <property name="seleniumVersion" value="3.141.59"/>
         <property name="proxyInformation" value="ProxyInformation { proxyOption=NO_PROXY, proxyServerType=HTTP, username=, password=********, proxyServerAddress=, proxyServerPort=0, executionList=&quot;&quot;, isApplyToDesiredCapabilities=true }"/>
         <property name="platform" value="Windows 10"/>
      </properties>
      <testcase name="Test Cases/TC_26_ValidateEmptyCart" time="9.992" classname="Test Cases/TC_26_ValidateEmptyCart" status="PASSED">
         <system-out><![CDATA[05-03-2024T20:06:56 - [TEST_CASE][PASSED] - Test Cases/TC_26_ValidateEmptyCart: Test Cases/TC_26_ValidateEmptyCart

05-03-2024T20:06:57 - [TEST_STEP][PASSED] - openBrowser(""): Browser is opened with url: ''

05-03-2024T20:06:57 - [MESSAGE][INFO] - Starting 'Edge Chromium' driver

05-03-2024T20:06:58 - [MESSAGE][INFO] - Action delay is set to 0 milliseconds

05-03-2024T20:07:00 - [MESSAGE][PASSED] - Browser is opened with url: ''

05-03-2024T20:07:00 - [TEST_STEP][PASSED] - navigateToUrl("https://petstore.octoperf.com/"): Navigate to 'https://petstore.octoperf.com/' successfully

05-03-2024T20:07:02 - [MESSAGE][PASSED] - Navigate to 'https://petstore.octoperf.com/' successfully

05-03-2024T20:07:02 - [TEST_STEP][PASSED] - click(findTestObject("Object Repository/EmptyCartObjRep/a_Enter the Store")): Object: 'Object Repository/EmptyCartObjRep/a_Enter the Store' is clicked on

05-03-2024T20:07:04 - [MESSAGE][PASSED] - Object: 'Object Repository/EmptyCartObjRep/a_Enter the Store' is clicked on

05-03-2024T20:07:04 - [TEST_STEP][PASSED] - click(findTestObject("Object Repository/EmptyCartObjRep/img_Sign In_img_cart")): Object: 'Object Repository/EmptyCartObjRep/img_Sign In_img_cart' is clicked on

05-03-2024T20:07:05 - [MESSAGE][PASSED] - Object: 'Object Repository/EmptyCartObjRep/img_Sign In_img_cart' is clicked on

05-03-2024T20:07:05 - [TEST_STEP][PASSED] - verifyElementText(findTestObject("Object Repository/EmptyCartObjRep/b_Your cart is empty"), "Your cart is empty."): Actual text and expected text of test object 'Object Repository/EmptyCartObjRep/b_Your cart is empty' are matched.

05-03-2024T20:07:06 - [MESSAGE][PASSED] - Actual text and expected text of test object 'Object Repository/EmptyCartObjRep/b_Your cart is empty' are matched.

05-03-2024T20:07:06 - [TEST_STEP][PASSED] - closeBrowser(): Browser is closed

05-03-2024T20:07:06 - [MESSAGE][PASSED] - Browser is closed]]></system-out>
         <system-err><![CDATA[]]></system-err>
      </testcase>
      <system-out><![CDATA[05-03-2024T20:06:56 - [TEST_SUITE][PASSED] - TS_26_EmptyCart: Test Cases/TC_26_ValidateEmptyCart]]></system-out>
      <system-err><![CDATA[]]></system-err>
   </testsuite>
</testsuites>
