<?xml version="1.0" encoding="UTF-8"?>
<testsuites name="TS_24_MyOrderPage" time="15.334" tests="1" failures="0" errors="0">
   <testsuite name="TS_24_MyOrderPage" tests="1" failures="0" errors="0" time="15.334" skipped="0" timestamp="05-03-2024T19:47:24" hostname="WL352SH - IN3141980W1.ey.net" id="Test Suites/TS_24_MyOrderPage">
      <properties>
         <property name="deviceName" value=""/>
         <property name="devicePlatform" value=""/>
         <property name="logFolder" value="C:\\Users\\WL352SH\\git\\KatalonStudio\\KatalonStudioPractice\\Reports\\20240305_194719\\TS_24_MyOrderPage\\20240305_194719"/>
         <property name="logFiles" value="C:\\Users\\WL352SH\\git\\KatalonStudio\\KatalonStudioPractice\\Reports\\20240305_194719\\TS_24_MyOrderPage\\20240305_194719\\execution0.log"/>
         <property name="attachments" value=""/>
         <property name="hostName" value="WL352SH - IN3141980W1.ey.net"/>
         <property name="os" value="Windows 10 64bit"/>
         <property name="katalonVersion" value="9.3.1.212"/>
         <property name="browser" value="Edge Chromium 122"/>
         <property name="hostAddress" value="192.168.1.34"/>
         <property name="sessionId" value="0d2d02fbf194f245ef290bb807cd5f45"/>
         <property name="seleniumVersion" value="3.141.59"/>
         <property name="proxyInformation" value="ProxyInformation { proxyOption=NO_PROXY, proxyServerType=HTTP, username=, password=********, proxyServerAddress=, proxyServerPort=0, executionList=&quot;&quot;, isApplyToDesiredCapabilities=true }"/>
         <property name="platform" value="Windows 10"/>
      </properties>
      <testcase name="Test Cases/TC_24_ValidateMyOrderPage" time="14.999" classname="Test Cases/TC_24_ValidateMyOrderPage" status="PASSED">
         <system-out><![CDATA[05-03-2024T19:47:25 - [TEST_CASE][PASSED] - Test Cases/TC_24_ValidateMyOrderPage: Test Cases/TC_24_ValidateMyOrderPage

05-03-2024T19:47:25 - [TEST_STEP][PASSED] - openBrowser(""): Browser is opened with url: ''

05-03-2024T19:47:26 - [MESSAGE][INFO] - Starting 'Edge Chromium' driver

05-03-2024T19:47:27 - [MESSAGE][INFO] - Action delay is set to 0 milliseconds

05-03-2024T19:47:29 - [MESSAGE][PASSED] - Browser is opened with url: ''

05-03-2024T19:47:29 - [TEST_STEP][PASSED] - navigateToUrl("https://petstore.octoperf.com/"): Navigate to 'https://petstore.octoperf.com/' successfully

05-03-2024T19:47:31 - [MESSAGE][PASSED] - Navigate to 'https://petstore.octoperf.com/' successfully

05-03-2024T19:47:31 - [TEST_STEP][PASSED] - click(findTestObject("Object Repository/MyOrderPageObjRep/a_Enter the Store")): Object: 'Object Repository/MyOrderPageObjRep/a_Enter the Store' is clicked on

05-03-2024T19:47:33 - [MESSAGE][PASSED] - Object: 'Object Repository/MyOrderPageObjRep/a_Enter the Store' is clicked on

05-03-2024T19:47:33 - [TEST_STEP][PASSED] - click(findTestObject("Object Repository/MyOrderPageObjRep/a_Sign In")): Object: 'Object Repository/MyOrderPageObjRep/a_Sign In' is clicked on

05-03-2024T19:47:34 - [MESSAGE][PASSED] - Object: 'Object Repository/MyOrderPageObjRep/a_Sign In' is clicked on

05-03-2024T19:47:34 - [TEST_STEP][PASSED] - setText(findTestObject("Object Repository/MyOrderPageObjRep/input_Need a user name and password_username"), "ajay123"): Text 'ajay123' is set on object 'Object Repository/MyOrderPageObjRep/input_Need a user name and password_username'

05-03-2024T19:47:35 - [MESSAGE][PASSED] - Text 'ajay123' is set on object 'Object Repository/MyOrderPageObjRep/input_Need a user name and password_username'

05-03-2024T19:47:35 - [TEST_STEP][PASSED] - setEncryptedText(findTestObject("Object Repository/MyOrderPageObjRep/input_Need a user name and password_password"), "vzl2cAHk97k="): Text ****** has been set on object 'Object Repository/MyOrderPageObjRep/input_Need a user name and password_password'

05-03-2024T19:47:36 - [MESSAGE][PASSED] - Text ****** has been set on object 'Object Repository/MyOrderPageObjRep/input_Need a user name and password_password'

05-03-2024T19:47:36 - [TEST_STEP][PASSED] - click(findTestObject("Object Repository/MyOrderPageObjRep/input_Need a user name and password_signon")): Object: 'Object Repository/MyOrderPageObjRep/input_Need a user name and password_signon' is clicked on

05-03-2024T19:47:37 - [MESSAGE][PASSED] - Object: 'Object Repository/MyOrderPageObjRep/input_Need a user name and password_signon' is clicked on

05-03-2024T19:47:37 - [TEST_STEP][PASSED] - click(findTestObject("Object Repository/MyOrderPageObjRep/a_My Account")): Object: 'Object Repository/MyOrderPageObjRep/a_My Account' is clicked on

05-03-2024T19:47:38 - [MESSAGE][PASSED] - Object: 'Object Repository/MyOrderPageObjRep/a_My Account' is clicked on

05-03-2024T19:47:38 - [TEST_STEP][PASSED] - click(findTestObject("Object Repository/MyOrderPageObjRep/a_My Orders")): Object: 'Object Repository/MyOrderPageObjRep/a_My Orders' is clicked on

05-03-2024T19:47:39 - [MESSAGE][PASSED] - Object: 'Object Repository/MyOrderPageObjRep/a_My Orders' is clicked on

05-03-2024T19:47:39 - [TEST_STEP][PASSED] - verifyElementText(findTestObject("Object Repository/MyOrderPageObjRep/h2_My Orders"), "My Orders"): Actual text and expected text of test object 'Object Repository/MyOrderPageObjRep/h2_My Orders' are matched.

05-03-2024T19:47:39 - [MESSAGE][PASSED] - Actual text and expected text of test object 'Object Repository/MyOrderPageObjRep/h2_My Orders' are matched.

05-03-2024T19:47:39 - [TEST_STEP][PASSED] - closeBrowser(): Browser is closed

05-03-2024T19:47:40 - [MESSAGE][PASSED] - Browser is closed]]></system-out>
         <system-err><![CDATA[]]></system-err>
      </testcase>
      <system-out><![CDATA[05-03-2024T19:47:24 - [TEST_SUITE][PASSED] - TS_24_MyOrderPage: Test Cases/TC_24_ValidateMyOrderPage]]></system-out>
      <system-err><![CDATA[]]></system-err>
   </testsuite>
</testsuites>
