<?xml version="1.0" encoding="UTF-8"?>
<testsuites name="TS_20_SignOutByCallingOtherTestCase" time="43.217" tests="1" failures="0" errors="0">
   <testsuite name="TS_20_SignOutByCallingOtherTestCase" tests="1" failures="0" errors="0" time="43.217" skipped="0" timestamp="03-03-2024T15:35:29" hostname="WL352SH - IN3141980W1.ey.net" id="Test Suites/TS_20_SignOutByCallingOtherTestCase">
      <properties>
         <property name="deviceName" value=""/>
         <property name="devicePlatform" value=""/>
         <property name="logFolder" value="C:\\Users\\WL352SH\\git\\KatalonStudio\\KatalonStudioPractice\\Reports\\20240303_153523\\TS_20_SignOutByCallingOtherTestCase\\20240303_153523"/>
         <property name="logFiles" value="C:\\Users\\WL352SH\\git\\KatalonStudio\\KatalonStudioPractice\\Reports\\20240303_153523\\TS_20_SignOutByCallingOtherTestCase\\20240303_153523\\execution0.log"/>
         <property name="attachments" value=""/>
         <property name="hostName" value="WL352SH - IN3141980W1.ey.net"/>
         <property name="os" value="Windows 10 64bit"/>
         <property name="katalonVersion" value="9.3.1.212"/>
         <property name="browser" value="Edge Chromium 122"/>
         <property name="hostAddress" value="192.168.1.34"/>
         <property name="sessionId" value="d77d4e4dfdd97d5dd2f47e5b109690cb"/>
         <property name="seleniumVersion" value="3.141.59"/>
         <property name="proxyInformation" value="ProxyInformation { proxyOption=NO_PROXY, proxyServerType=HTTP, username=, password=********, proxyServerAddress=, proxyServerPort=0, executionList=&quot;&quot;, isApplyToDesiredCapabilities=true }"/>
         <property name="platform" value="Windows 10"/>
      </properties>
      <testcase name="Test Cases/TC_20_SingOutByCallingOtherTestCase" time="42.941" classname="Test Cases/TC_20_SingOutByCallingOtherTestCase" status="PASSED">
         <system-out><![CDATA[03-03-2024T15:35:30 - [TEST_CASE][PASSED] - Test Cases/TC_20_SingOutByCallingOtherTestCase: Test Cases/TC_20_SingOutByCallingOtherTestCase

03-03-2024T15:35:30 - [TEST_STEP][PASSED] - callTestCase(findTestCase("TC_19_UserSignIn"), [:], STOP_ON_FAILURE): Call Test Case 'Test Cases/TC_19_UserSignIn' successfully

03-03-2024T15:35:30 - [TEST_CASE][PASSED] - Test Cases/TC_19_UserSignIn: Test Cases/TC_19_UserSignIn

03-03-2024T15:35:30 - [TEST_STEP][PASSED] - openBrowser(""): Browser is opened with url: ''

03-03-2024T15:35:31 - [MESSAGE][INFO] - Starting 'Edge Chromium' driver

03-03-2024T15:35:34 - [MESSAGE][INFO] - Action delay is set to 0 milliseconds

03-03-2024T15:35:38 - [MESSAGE][PASSED] - Browser is opened with url: ''

03-03-2024T15:35:38 - [TEST_STEP][PASSED] - navigateToUrl("https://petstore.octoperf.com/"): Navigate to 'https://petstore.octoperf.com/' successfully

03-03-2024T15:36:02 - [MESSAGE][PASSED] - Navigate to 'https://petstore.octoperf.com/' successfully

03-03-2024T15:36:03 - [TEST_STEP][PASSED] - click(findTestObject("Object Repository/UserSignInObjRep/a_Enter the Store")): Object: 'Object Repository/UserSignInObjRep/a_Enter the Store' is clicked on

03-03-2024T15:36:05 - [MESSAGE][PASSED] - Object: 'Object Repository/UserSignInObjRep/a_Enter the Store' is clicked on

03-03-2024T15:36:05 - [TEST_STEP][PASSED] - click(findTestObject("Object Repository/UserSignInObjRep/a_Sign In")): Object: 'Object Repository/UserSignInObjRep/a_Sign In' is clicked on

03-03-2024T15:36:06 - [MESSAGE][PASSED] - Object: 'Object Repository/UserSignInObjRep/a_Sign In' is clicked on

03-03-2024T15:36:06 - [TEST_STEP][PASSED] - setText(findTestObject("Object Repository/UserSignInObjRep/input_Need a user name and password_username"), "ajay123"): Text 'ajay123' is set on object 'Object Repository/UserSignInObjRep/input_Need a user name and password_username'

03-03-2024T15:36:07 - [MESSAGE][PASSED] - Text 'ajay123' is set on object 'Object Repository/UserSignInObjRep/input_Need a user name and password_username'

03-03-2024T15:36:07 - [TEST_STEP][PASSED] - setEncryptedText(findTestObject("Object Repository/UserSignInObjRep/input_Need a user name and password_password"), "vzl2cAHk97k="): Text ****** has been set on object 'Object Repository/UserSignInObjRep/input_Need a user name and password_password'

03-03-2024T15:36:08 - [MESSAGE][PASSED] - Text ****** has been set on object 'Object Repository/UserSignInObjRep/input_Need a user name and password_password'

03-03-2024T15:36:08 - [TEST_STEP][PASSED] - click(findTestObject("Object Repository/UserSignInObjRep/input_Need a user name and password_signon")): Object: 'Object Repository/UserSignInObjRep/input_Need a user name and password_signon' is clicked on

03-03-2024T15:36:09 - [MESSAGE][PASSED] - Object: 'Object Repository/UserSignInObjRep/input_Need a user name and password_signon' is clicked on

03-03-2024T15:36:09 - [TEST_STEP][PASSED] - verifyElementText(findTestObject("Object Repository/UserSignInObjRep/a_Sign Out"), "Sign Out"): Actual text and expected text of test object 'Object Repository/UserSignInObjRep/a_Sign Out' are matched.

03-03-2024T15:36:09 - [MESSAGE][PASSED] - Actual text and expected text of test object 'Object Repository/UserSignInObjRep/a_Sign Out' are matched.

03-03-2024T15:36:09 - [MESSAGE][PASSED] - Call Test Case 'Test Cases/TC_19_UserSignIn' successfully

03-03-2024T15:36:09 - [TEST_STEP][PASSED] - click(findTestObject("Object Repository/SignOutObjRep/a_Sign Out")): Object: 'Object Repository/SignOutObjRep/a_Sign Out' is clicked on

03-03-2024T15:36:10 - [MESSAGE][PASSED] - Object: 'Object Repository/SignOutObjRep/a_Sign Out' is clicked on

03-03-2024T15:36:10 - [TEST_STEP][PASSED] - navigateToUrl("https://petstore.octoperf.com/actions/Catalog.action"): Navigate to 'https://petstore.octoperf.com/actions/Catalog.action' successfully

03-03-2024T15:36:11 - [MESSAGE][PASSED] - Navigate to 'https://petstore.octoperf.com/actions/Catalog.action' successfully

03-03-2024T15:36:11 - [TEST_STEP][PASSED] - verifyElementText(findTestObject("Object Repository/SignOutObjRep/a_Sign In"), "Sign In"): Actual text and expected text of test object 'Object Repository/SignOutObjRep/a_Sign In' are matched.

03-03-2024T15:36:11 - [MESSAGE][PASSED] - Actual text and expected text of test object 'Object Repository/SignOutObjRep/a_Sign In' are matched.

03-03-2024T15:36:11 - [TEST_STEP][PASSED] - closeBrowser(): Browser is closed

03-03-2024T15:36:12 - [MESSAGE][PASSED] - Browser is closed]]></system-out>
         <system-err><![CDATA[]]></system-err>
      </testcase>
      <system-out><![CDATA[03-03-2024T15:35:29 - [TEST_SUITE][PASSED] - TS_20_SignOutByCallingOtherTestCase: Test Cases/TC_20_SingOutByCallingOtherTestCase]]></system-out>
      <system-err><![CDATA[]]></system-err>
   </testsuite>
</testsuites>
