<?xml version="1.0" encoding="UTF-8"?>
<testsuites name="TS_29_CloseBrowser" time="6.568" tests="1" failures="0" errors="0">
   <testsuite name="TS_29_CloseBrowser" tests="1" failures="0" errors="0" time="6.568" skipped="0" timestamp="06-03-2024T17:19:35" hostname="WL352SH - IN3141980W1.ey.net" id="Test Suites/TS_29_CloseBrowser">
      <properties>
         <property name="deviceName" value=""/>
         <property name="devicePlatform" value=""/>
         <property name="logFolder" value="C:\\Users\\WL352SH\\git\\KatalonStudio\\KatalonStudioPractice\\Reports\\20240306_171930\\TS_29_CloseBrowser\\20240306_171930"/>
         <property name="logFiles" value="C:\\Users\\WL352SH\\git\\KatalonStudio\\KatalonStudioPractice\\Reports\\20240306_171930\\TS_29_CloseBrowser\\20240306_171930\\execution0.log"/>
         <property name="attachments" value=""/>
         <property name="hostName" value="WL352SH - IN3141980W1.ey.net"/>
         <property name="os" value="Windows 10 64bit"/>
         <property name="katalonVersion" value="9.3.1.212"/>
         <property name="browser" value="Edge Chromium 122"/>
         <property name="hostAddress" value="192.168.1.34"/>
         <property name="sessionId" value="bc755e9f166369310ce8ca052705aec3"/>
         <property name="seleniumVersion" value="3.141.59"/>
         <property name="proxyInformation" value="ProxyInformation { proxyOption=NO_PROXY, proxyServerType=HTTP, username=, password=********, proxyServerAddress=, proxyServerPort=0, executionList=&quot;&quot;, isApplyToDesiredCapabilities=true }"/>
         <property name="platform" value="Windows 10"/>
      </properties>
      <testcase name="Test Cases/TC_29_CloseBrowser" time="6.355" classname="Test Cases/TC_29_CloseBrowser" status="PASSED">
         <system-out><![CDATA[06-03-2024T17:19:35 - [TEST_CASE][PASSED] - Test Cases/TC_29_CloseBrowser: Test Cases/TC_29_CloseBrowser

06-03-2024T17:19:36 - [TEST_STEP][PASSED] - openBrowser(""): Browser is opened with url: ''

06-03-2024T17:19:36 - [MESSAGE][INFO] - Starting 'Edge Chromium' driver

06-03-2024T17:19:37 - [MESSAGE][INFO] - Action delay is set to 0 milliseconds

06-03-2024T17:19:39 - [MESSAGE][PASSED] - Browser is opened with url: ''

06-03-2024T17:19:39 - [TEST_STEP][PASSED] - navigateToUrl("https://petstore.octoperf.com/"): Navigate to 'https://petstore.octoperf.com/' successfully

06-03-2024T17:19:41 - [MESSAGE][PASSED] - Navigate to 'https://petstore.octoperf.com/' successfully

06-03-2024T17:19:41 - [TEST_STEP][PASSED] - closeBrowser(): Browser is closed

06-03-2024T17:19:42 - [MESSAGE][PASSED] - Browser is closed]]></system-out>
         <system-err><![CDATA[]]></system-err>
      </testcase>
      <system-out><![CDATA[06-03-2024T17:19:35 - [TEST_SUITE][PASSED] - TS_29_CloseBrowser: Test Cases/TC_29_CloseBrowser]]></system-out>
      <system-err><![CDATA[]]></system-err>
   </testsuite>
</testsuites>
