<?xml version="1.0" encoding="UTF-8"?>
<testsuites name="TS_30_Help" time="9.851" tests="1" failures="0" errors="0">
   <testsuite name="TS_30_Help" tests="1" failures="0" errors="0" time="9.851" skipped="0" timestamp="06-03-2024T17:22:04" hostname="WL352SH - IN3141980W1.ey.net" id="Test Suites/TS_30_Help">
      <properties>
         <property name="deviceName" value=""/>
         <property name="devicePlatform" value=""/>
         <property name="logFolder" value="C:\\Users\\WL352SH\\git\\KatalonStudio\\KatalonStudioPractice\\Reports\\20240306_172158\\TS_30_Help\\20240306_172158"/>
         <property name="logFiles" value="C:\\Users\\WL352SH\\git\\KatalonStudio\\KatalonStudioPractice\\Reports\\20240306_172158\\TS_30_Help\\20240306_172158\\execution0.log"/>
         <property name="attachments" value=""/>
         <property name="hostName" value="WL352SH - IN3141980W1.ey.net"/>
         <property name="os" value="Windows 10 64bit"/>
         <property name="katalonVersion" value="9.3.1.212"/>
         <property name="browser" value="Edge Chromium 122"/>
         <property name="hostAddress" value="192.168.1.34"/>
         <property name="sessionId" value="95530e97d105b045f926ef7cce31d647"/>
         <property name="seleniumVersion" value="3.141.59"/>
         <property name="proxyInformation" value="ProxyInformation { proxyOption=NO_PROXY, proxyServerType=HTTP, username=, password=********, proxyServerAddress=, proxyServerPort=0, executionList=&quot;&quot;, isApplyToDesiredCapabilities=true }"/>
         <property name="platform" value="Windows 10"/>
      </properties>
      <testcase name="Test Cases/TC_30_Help" time="9.628" classname="Test Cases/TC_30_Help" status="PASSED">
         <system-out><![CDATA[06-03-2024T17:22:04 - [TEST_CASE][PASSED] - Test Cases/TC_30_Help: Test Cases/TC_30_Help

06-03-2024T17:22:04 - [TEST_STEP][PASSED] - openBrowser(""): Browser is opened with url: ''

06-03-2024T17:22:05 - [MESSAGE][INFO] - Starting 'Edge Chromium' driver

06-03-2024T17:22:05 - [MESSAGE][INFO] - Action delay is set to 0 milliseconds

06-03-2024T17:22:08 - [MESSAGE][PASSED] - Browser is opened with url: ''

06-03-2024T17:22:08 - [TEST_STEP][PASSED] - navigateToUrl("https://petstore.octoperf.com/"): Navigate to 'https://petstore.octoperf.com/' successfully

06-03-2024T17:22:10 - [MESSAGE][PASSED] - Navigate to 'https://petstore.octoperf.com/' successfully

06-03-2024T17:22:10 - [TEST_STEP][PASSED] - click(findTestObject("Object Repository/HelpObjRep/a_Enter the Store")): Object: 'Object Repository/HelpObjRep/a_Enter the Store' is clicked on

06-03-2024T17:22:12 - [MESSAGE][PASSED] - Object: 'Object Repository/HelpObjRep/a_Enter the Store' is clicked on

06-03-2024T17:22:12 - [TEST_STEP][PASSED] - click(findTestObject("Object Repository/HelpObjRep/a_")): Object: 'Object Repository/HelpObjRep/a_' is clicked on

06-03-2024T17:22:13 - [MESSAGE][PASSED] - Object: 'Object Repository/HelpObjRep/a_' is clicked on

06-03-2024T17:22:13 - [TEST_STEP][PASSED] - verifyElementText(findTestObject("Object Repository/HelpObjRep/h1_JPetStore Demo"), "JPetStore Demo"): Actual text and expected text of test object 'Object Repository/HelpObjRep/h1_JPetStore Demo' are matched.

06-03-2024T17:22:13 - [MESSAGE][PASSED] - Actual text and expected text of test object 'Object Repository/HelpObjRep/h1_JPetStore Demo' are matched.

06-03-2024T17:22:13 - [TEST_STEP][PASSED] - closeBrowser(): Browser is closed

06-03-2024T17:22:13 - [MESSAGE][PASSED] - Browser is closed]]></system-out>
         <system-err><![CDATA[]]></system-err>
      </testcase>
      <system-out><![CDATA[06-03-2024T17:22:04 - [TEST_SUITE][PASSED] - TS_30_Help: Test Cases/TC_30_Help]]></system-out>
      <system-err><![CDATA[]]></system-err>
   </testsuite>
</testsuites>
