<?xml version="1.0" encoding="UTF-8"?>
<testsuites name="TS_19_UserSignIn" time="76.266" tests="1" failures="0" errors="0">
   <testsuite name="TS_19_UserSignIn" tests="1" failures="0" errors="0" time="76.266" skipped="0" timestamp="03-03-2024T15:27:54" hostname="WL352SH - IN3141980W1.ey.net" id="Test Suites/TS_19_UserSignIn">
      <properties>
         <property name="deviceName" value=""/>
         <property name="devicePlatform" value=""/>
         <property name="logFolder" value="C:\\Users\\WL352SH\\git\\KatalonStudio\\KatalonStudioPractice\\Reports\\20240303_152748\\TS_19_UserSignIn\\20240303_152748"/>
         <property name="logFiles" value="C:\\Users\\WL352SH\\git\\KatalonStudio\\KatalonStudioPractice\\Reports\\20240303_152748\\TS_19_UserSignIn\\20240303_152748\\execution0.log"/>
         <property name="attachments" value=""/>
         <property name="hostName" value="WL352SH - IN3141980W1.ey.net"/>
         <property name="os" value="Windows 10 64bit"/>
         <property name="katalonVersion" value="9.3.1.212"/>
         <property name="browser" value="Edge Chromium 122"/>
         <property name="hostAddress" value="192.168.1.34"/>
         <property name="sessionId" value="aeaf0a353c5495557217d056bf33d8cf"/>
         <property name="seleniumVersion" value="3.141.59"/>
         <property name="proxyInformation" value="ProxyInformation { proxyOption=NO_PROXY, proxyServerType=HTTP, username=, password=********, proxyServerAddress=, proxyServerPort=0, executionList=&quot;&quot;, isApplyToDesiredCapabilities=true }"/>
         <property name="platform" value="Windows 10"/>
      </properties>
      <testcase name="Test Cases/TC_19_UserSignIn" time="75.977" classname="Test Cases/TC_19_UserSignIn" status="PASSED">
         <system-out><![CDATA[03-03-2024T15:27:55 - [TEST_CASE][PASSED] - Test Cases/TC_19_UserSignIn: Test Cases/TC_19_UserSignIn

03-03-2024T15:27:55 - [TEST_STEP][PASSED] - openBrowser(""): Browser is opened with url: ''

03-03-2024T15:27:56 - [MESSAGE][INFO] - Starting 'Edge Chromium' driver

03-03-2024T15:27:59 - [MESSAGE][INFO] - Action delay is set to 0 milliseconds

03-03-2024T15:28:01 - [MESSAGE][PASSED] - Browser is opened with url: ''

03-03-2024T15:28:01 - [TEST_STEP][PASSED] - navigateToUrl("https://petstore.octoperf.com/"): Navigate to 'https://petstore.octoperf.com/' successfully

03-03-2024T15:28:03 - [MESSAGE][PASSED] - Navigate to 'https://petstore.octoperf.com/' successfully

03-03-2024T15:28:03 - [TEST_STEP][PASSED] - click(findTestObject("Object Repository/UserSignInObjRep/Page_JPetStore Demo/a_Enter the Store")): Object: 'Object Repository/UserSignInObjRep/Page_JPetStore Demo/a_Enter the Store' is clicked on

03-03-2024T15:28:05 - [MESSAGE][PASSED] - Object: 'Object Repository/UserSignInObjRep/Page_JPetStore Demo/a_Enter the Store' is clicked on

03-03-2024T15:28:05 - [TEST_STEP][PASSED] - click(findTestObject("Object Repository/UserSignInObjRep/Page_JPetStore Demo/a_Sign In")): Object: 'Object Repository/UserSignInObjRep/Page_JPetStore Demo/a_Sign In' is clicked on

03-03-2024T15:28:06 - [MESSAGE][PASSED] - Object: 'Object Repository/UserSignInObjRep/Page_JPetStore Demo/a_Sign In' is clicked on

03-03-2024T15:28:06 - [TEST_STEP][PASSED] - setText(findTestObject("Object Repository/UserSignInObjRep/Page_JPetStore Demo/input_Need a user name and password_username"), "ajay123"): Text 'ajay123' is set on object 'Object Repository/UserSignInObjRep/Page_JPetStore Demo/input_Need a user name and password_username'

03-03-2024T15:28:37 - [MESSAGE][INFO] - Unable to find the element located by 'By.xpath: //input[@id='stripes--1077709648']'. Please recheck the objects properties to make sure the desired element is located. 

03-03-2024T15:28:37 - [MESSAGE][WARNING] - [SELF-HEALING] Failed to find element with id 'Object Repository/UserSignInObjRep/Page_JPetStore Demo/input_Need a user name and password_username'. Try using Self-healing.

03-03-2024T15:28:37 - [MESSAGE][WARNING] - [SELF-HEALING] The current locator of test object 'Object Repository/UserSignInObjRep/Page_JPetStore Demo/input_Need a user name and password_username' was broken. Propose an alternative one: '//div[@id='Catalog']/form/p[2]/input'.

03-03-2024T15:29:09 - [MESSAGE][INFO] - Unable to find the element located by 'By.xpath: //input[@id='stripes--1077709648']'. Please recheck the objects properties to make sure the desired element is located. 

03-03-2024T15:29:09 - [MESSAGE][WARNING] - [SELF-HEALING] Failed to find element with id 'Object Repository/UserSignInObjRep/Page_JPetStore Demo/input_Need a user name and password_username'. Try using Self-healing.

03-03-2024T15:29:09 - [MESSAGE][WARNING] - [SELF-HEALING] The current locator of test object 'Object Repository/UserSignInObjRep/Page_JPetStore Demo/input_Need a user name and password_username' was broken. Propose an alternative one: '//div[@id='Catalog']/form/p[2]/input'.

03-03-2024T15:29:09 - [MESSAGE][PASSED] - Text 'ajay123' is set on object 'Object Repository/UserSignInObjRep/Page_JPetStore Demo/input_Need a user name and password_username'

03-03-2024T15:29:09 - [TEST_STEP][PASSED] - setEncryptedText(findTestObject("Object Repository/UserSignInObjRep/Page_JPetStore Demo/input_Need a user name and password_password"), "vzl2cAHk97k="): Text ****** has been set on object 'Object Repository/UserSignInObjRep/Page_JPetStore Demo/input_Need a user name and password_password'

03-03-2024T15:29:09 - [MESSAGE][PASSED] - Text ****** has been set on object 'Object Repository/UserSignInObjRep/Page_JPetStore Demo/input_Need a user name and password_password'

03-03-2024T15:29:09 - [TEST_STEP][PASSED] - click(findTestObject("Object Repository/UserSignInObjRep/Page_JPetStore Demo/input_Need a user name and password_signon")): Object: 'Object Repository/UserSignInObjRep/Page_JPetStore Demo/input_Need a user name and password_signon' is clicked on

03-03-2024T15:29:10 - [MESSAGE][PASSED] - Object: 'Object Repository/UserSignInObjRep/Page_JPetStore Demo/input_Need a user name and password_signon' is clicked on

03-03-2024T15:29:10 - [TEST_STEP][PASSED] - verifyElementText(findTestObject("Object Repository/UserSignInObjRep/Page_JPetStore Demo/a_Sign Out"), "Sign Out"): Actual text and expected text of test object 'Object Repository/UserSignInObjRep/Page_JPetStore Demo/a_Sign Out' are matched.

03-03-2024T15:29:11 - [MESSAGE][PASSED] - Actual text and expected text of test object 'Object Repository/UserSignInObjRep/Page_JPetStore Demo/a_Sign Out' are matched.]]></system-out>
         <system-err><![CDATA[]]></system-err>
      </testcase>
      <system-out><![CDATA[03-03-2024T15:27:54 - [TEST_SUITE][PASSED] - TS_19_UserSignIn: Test Cases/TC_19_UserSignIn]]></system-out>
      <system-err><![CDATA[]]></system-err>
   </testsuite>
</testsuites>
