<?xml version="1.0" encoding="UTF-8"?>
<testsuites name="TS_27_SearchWithDesc" time="13.4" tests="1" failures="0" errors="0">
   <testsuite name="TS_27_SearchWithDesc" tests="1" failures="0" errors="0" time="13.4" skipped="0" timestamp="06-03-2024T17:13:59" hostname="WL352SH - IN3141980W1.ey.net" id="Test Suites/TS_27_SearchWithDesc">
      <properties>
         <property name="deviceName" value=""/>
         <property name="devicePlatform" value=""/>
         <property name="logFolder" value="C:\\Users\\WL352SH\\git\\KatalonStudio\\KatalonStudioPractice\\Reports\\20240306_171341\\TS_27_SearchWithDesc\\20240306_171341"/>
         <property name="logFiles" value="C:\\Users\\WL352SH\\git\\KatalonStudio\\KatalonStudioPractice\\Reports\\20240306_171341\\TS_27_SearchWithDesc\\20240306_171341\\execution0.log"/>
         <property name="attachments" value=""/>
         <property name="hostName" value="WL352SH - IN3141980W1.ey.net"/>
         <property name="os" value="Windows 10 64bit"/>
         <property name="katalonVersion" value="9.3.1.212"/>
         <property name="browser" value="Edge Chromium 122"/>
         <property name="hostAddress" value="192.168.1.34"/>
         <property name="sessionId" value="6d7065f86523da8a0faa2608de6983ba"/>
         <property name="seleniumVersion" value="3.141.59"/>
         <property name="proxyInformation" value="ProxyInformation { proxyOption=NO_PROXY, proxyServerType=HTTP, username=, password=********, proxyServerAddress=, proxyServerPort=0, executionList=&quot;&quot;, isApplyToDesiredCapabilities=true }"/>
         <property name="platform" value="Windows 10"/>
      </properties>
      <testcase name="Test Cases/TC_27_SearchWithDescription" time="13.161" classname="Test Cases/TC_27_SearchWithDescription" status="PASSED">
         <system-out><![CDATA[06-03-2024T17:13:59 - [TEST_CASE][PASSED] - Test Cases/TC_27_SearchWithDescription: Test Cases/TC_27_SearchWithDescription

06-03-2024T17:13:59 - [TEST_STEP][PASSED] - openBrowser(""): Browser is opened with url: ''

06-03-2024T17:14:00 - [MESSAGE][INFO] - Starting 'Edge Chromium' driver

06-03-2024T17:14:00 - [MESSAGE][INFO] - Action delay is set to 0 milliseconds

06-03-2024T17:14:03 - [MESSAGE][PASSED] - Browser is opened with url: ''

06-03-2024T17:14:03 - [TEST_STEP][PASSED] - navigateToUrl("https://petstore.octoperf.com/"): Navigate to 'https://petstore.octoperf.com/' successfully

06-03-2024T17:14:05 - [MESSAGE][PASSED] - Navigate to 'https://petstore.octoperf.com/' successfully

06-03-2024T17:14:05 - [TEST_STEP][PASSED] - click(findTestObject("Object Repository/SearchWithDescObjRep/a_Enter the Store")): Object: 'Object Repository/SearchWithDescObjRep/a_Enter the Store' is clicked on

06-03-2024T17:14:07 - [MESSAGE][PASSED] - Object: 'Object Repository/SearchWithDescObjRep/a_Enter the Store' is clicked on

06-03-2024T17:14:07 - [TEST_STEP][PASSED] - setText(findTestObject("Object Repository/SearchWithDescObjRep/input__keyword"), "Adult Male Persian"): Text 'Adult Male Persian' is set on object 'Object Repository/SearchWithDescObjRep/input__keyword'

06-03-2024T17:14:08 - [MESSAGE][PASSED] - Text 'Adult Male Persian' is set on object 'Object Repository/SearchWithDescObjRep/input__keyword'

06-03-2024T17:14:08 - [TEST_STEP][PASSED] - click(findTestObject("Object Repository/SearchWithDescObjRep/input__keyword")): Object: 'Object Repository/SearchWithDescObjRep/input__keyword' is clicked on

06-03-2024T17:14:09 - [MESSAGE][PASSED] - Object: 'Object Repository/SearchWithDescObjRep/input__keyword' is clicked on

06-03-2024T17:14:09 - [TEST_STEP][PASSED] - click(findTestObject("Object Repository/SearchWithDescObjRep/input__searchProducts")): Object: 'Object Repository/SearchWithDescObjRep/input__searchProducts' is clicked on

06-03-2024T17:14:10 - [MESSAGE][PASSED] - Object: 'Object Repository/SearchWithDescObjRep/input__searchProducts' is clicked on

06-03-2024T17:14:10 - [TEST_STEP][PASSED] - click(findTestObject("Object Repository/SearchWithDescObjRep/a_Friendly house cat, doubles as a princess")): Object: 'Object Repository/SearchWithDescObjRep/a_Friendly house cat, doubles as a princess' is clicked on

06-03-2024T17:14:11 - [MESSAGE][PASSED] - Object: 'Object Repository/SearchWithDescObjRep/a_Friendly house cat, doubles as a princess' is clicked on

06-03-2024T17:14:11 - [TEST_STEP][PASSED] - verifyElementText(findTestObject("Object Repository/SearchWithDescObjRep/td_Adult Male    Persian"), "Adult Male Persian"): Actual text and expected text of test object 'Object Repository/SearchWithDescObjRep/td_Adult Male    Persian' are matched.

06-03-2024T17:14:12 - [MESSAGE][PASSED] - Actual text and expected text of test object 'Object Repository/SearchWithDescObjRep/td_Adult Male    Persian' are matched.

06-03-2024T17:14:12 - [TEST_STEP][PASSED] - closeBrowser(): Browser is closed

06-03-2024T17:14:12 - [MESSAGE][PASSED] - Browser is closed]]></system-out>
         <system-err><![CDATA[]]></system-err>
      </testcase>
      <system-out><![CDATA[06-03-2024T17:13:59 - [TEST_SUITE][PASSED] - TS_27_SearchWithDesc: Test Cases/TC_27_SearchWithDescription]]></system-out>
      <system-err><![CDATA[]]></system-err>
   </testsuite>
</testsuites>
