<?xml version="1.0" encoding="UTF-8"?>
<testsuites name="TS_22_InvalidUserName" time="17.97" tests="1" failures="0" errors="0">
   <testsuite name="TS_22_InvalidUserName" tests="1" failures="0" errors="0" time="17.97" skipped="0" timestamp="03-03-2024T16:30:42" hostname="WL352SH - IN3141980W1.ey.net" id="Test Suites/TS_22_InvalidUserName">
      <properties>
         <property name="deviceName" value=""/>
         <property name="devicePlatform" value=""/>
         <property name="logFolder" value="C:\\Users\\WL352SH\\git\\KatalonStudio\\KatalonStudioPractice\\Reports\\20240303_163034\\TS_22_InvalidUserName\\20240303_163034"/>
         <property name="logFiles" value="C:\\Users\\WL352SH\\git\\KatalonStudio\\KatalonStudioPractice\\Reports\\20240303_163034\\TS_22_InvalidUserName\\20240303_163034\\execution0.log"/>
         <property name="attachments" value=""/>
         <property name="hostName" value="WL352SH - IN3141980W1.ey.net"/>
         <property name="os" value="Windows 10 64bit"/>
         <property name="katalonVersion" value="9.3.1.212"/>
         <property name="browser" value="Edge Chromium 122"/>
         <property name="hostAddress" value="192.168.1.34"/>
         <property name="sessionId" value="5ddd184f7992efffd1829b80e6ed0795"/>
         <property name="seleniumVersion" value="3.141.59"/>
         <property name="proxyInformation" value="ProxyInformation { proxyOption=NO_PROXY, proxyServerType=HTTP, username=, password=********, proxyServerAddress=, proxyServerPort=0, executionList=&quot;&quot;, isApplyToDesiredCapabilities=true }"/>
         <property name="platform" value="Windows 10"/>
      </properties>
      <testcase name="Test Cases/TC_22_InvalidUserName" time="17.713" classname="Test Cases/TC_22_InvalidUserName" status="PASSED">
         <system-out><![CDATA[03-03-2024T16:30:42 - [TEST_CASE][PASSED] - Test Cases/TC_22_InvalidUserName: Test Cases/TC_22_InvalidUserName

03-03-2024T16:30:42 - [TEST_STEP][PASSED] - openBrowser(""): Browser is opened with url: ''

03-03-2024T16:30:43 - [MESSAGE][INFO] - Starting 'Edge Chromium' driver

03-03-2024T16:30:47 - [MESSAGE][INFO] - Action delay is set to 0 milliseconds

03-03-2024T16:30:50 - [MESSAGE][PASSED] - Browser is opened with url: ''

03-03-2024T16:30:50 - [TEST_STEP][PASSED] - navigateToUrl("https://petstore.octoperf.com/"): Navigate to 'https://petstore.octoperf.com/' successfully

03-03-2024T16:30:52 - [MESSAGE][PASSED] - Navigate to 'https://petstore.octoperf.com/' successfully

03-03-2024T16:30:52 - [TEST_STEP][PASSED] - click(findTestObject("Object Repository/InvalidUserNameObjRep/a_Enter the Store")): Object: 'Object Repository/InvalidUserNameObjRep/a_Enter the Store' is clicked on

03-03-2024T16:30:55 - [MESSAGE][PASSED] - Object: 'Object Repository/InvalidUserNameObjRep/a_Enter the Store' is clicked on

03-03-2024T16:30:55 - [TEST_STEP][PASSED] - click(findTestObject("Object Repository/InvalidUserNameObjRep/a_Sign In")): Object: 'Object Repository/InvalidUserNameObjRep/a_Sign In' is clicked on

03-03-2024T16:30:55 - [MESSAGE][PASSED] - Object: 'Object Repository/InvalidUserNameObjRep/a_Sign In' is clicked on

03-03-2024T16:30:55 - [TEST_STEP][PASSED] - setText(findTestObject("Object Repository/InvalidUserNameObjRep/input_Need a user name and password_username"), "ahagjii"): Text 'ahagjii' is set on object 'Object Repository/InvalidUserNameObjRep/input_Need a user name and password_username'

03-03-2024T16:30:57 - [MESSAGE][PASSED] - Text 'ahagjii' is set on object 'Object Repository/InvalidUserNameObjRep/input_Need a user name and password_username'

03-03-2024T16:30:57 - [TEST_STEP][PASSED] - setEncryptedText(findTestObject("Object Repository/InvalidUserNameObjRep/input_Need a user name and password_password"), "vzl2cAHk97k="): Text ****** has been set on object 'Object Repository/InvalidUserNameObjRep/input_Need a user name and password_password'

03-03-2024T16:30:57 - [MESSAGE][PASSED] - Text ****** has been set on object 'Object Repository/InvalidUserNameObjRep/input_Need a user name and password_password'

03-03-2024T16:30:57 - [TEST_STEP][PASSED] - click(findTestObject("Object Repository/InvalidUserNameObjRep/input_Need a user name and password_signon")): Object: 'Object Repository/InvalidUserNameObjRep/input_Need a user name and password_signon' is clicked on

03-03-2024T16:30:58 - [MESSAGE][PASSED] - Object: 'Object Repository/InvalidUserNameObjRep/input_Need a user name and password_signon' is clicked on

03-03-2024T16:30:58 - [TEST_STEP][PASSED] - verifyElementText(findTestObject("Object Repository/InvalidUserNameObjRep/li_Invalid username or password.  Signon failed"), "Invalid username or password. Signon failed."): Actual text and expected text of test object 'Object Repository/InvalidUserNameObjRep/li_Invalid username or password.  Signon failed' are matched.

03-03-2024T16:30:59 - [MESSAGE][PASSED] - Actual text and expected text of test object 'Object Repository/InvalidUserNameObjRep/li_Invalid username or password.  Signon failed' are matched.

03-03-2024T16:30:59 - [TEST_STEP][PASSED] - closeBrowser(): Browser is closed

03-03-2024T16:31:00 - [MESSAGE][PASSED] - Browser is closed]]></system-out>
         <system-err><![CDATA[]]></system-err>
      </testcase>
      <system-out><![CDATA[03-03-2024T16:30:42 - [TEST_SUITE][PASSED] - TS_22_InvalidUserName: Test Cases/TC_22_InvalidUserName]]></system-out>
      <system-err><![CDATA[]]></system-err>
   </testsuite>
</testsuites>
